<?xml version="1.0" encoding="UTF-8"?>
<!-- Generated by org.testng.reporters.JUnitXMLReporter -->
<testsuite ignored="2" hostname="DESKTOP-40P37EV" failures="0" tests="4" name="Test" time="121.44" errors="0" timestamp="2022-01-27T14:50:28 IST">
  <testcase classname="com.crm.modules.Test.ContactModule_Test" name="OrgTest" time="17.29"/>
  <testcase classname="com.crm.modules.Test.ContactModule_Test" name="OrgWithIndTest" time="4.882"/>
  <testcase classname="com.crm.modules.Test.OrgModules_Test" name="OrgTest" time="9.777"/>
  <testcase classname="com.crm.modules.Test.OrgModules_Test" name="OrgWithInd" time="8.695"/>
  <testcase classname="com.crm.generic.library.test.BaseAnnotationClass" name="@BeforeSuite configBS" time="0.0">
    <ignored/>
  </testcase> <!-- @BeforeSuite configBS -->
  <testcase classname="com.crm.generic.library.test.BaseAnnotationClass" name="@AfterSuite configAS" time="0.0">
    <ignored/>
  </testcase> <!-- @AfterSuite configAS -->
</testsuite> <!-- Test -->
